c:\users\user\documents\github\consoleshooting\consoleshooting\consoleshooting\debug\vc143.pdb
c:\users\user\documents\github\consoleshooting\consoleshooting\consoleshooting\debug\vc143.idb
c:\users\user\documents\github\consoleshooting\consoleshooting\consoleshooting\debug\unit.obj
c:\users\user\documents\github\consoleshooting\consoleshooting\consoleshooting\debug\statectrl.obj
c:\users\user\documents\github\consoleshooting\consoleshooting\consoleshooting\debug\state.obj
c:\users\user\documents\github\consoleshooting\consoleshooting\consoleshooting\debug\sound.obj
c:\users\user\documents\github\consoleshooting\consoleshooting\consoleshooting\debug\singleton.obj
c:\users\user\documents\github\consoleshooting\consoleshooting\consoleshooting\debug\player.obj
c:\users\user\documents\github\consoleshooting\consoleshooting\consoleshooting\debug\menustate.obj
c:\users\user\documents\github\consoleshooting\consoleshooting\consoleshooting\debug\main.obj
c:\users\user\documents\github\consoleshooting\consoleshooting\consoleshooting\debug\gamestate.obj
c:\users\user\documents\github\consoleshooting\consoleshooting\consoleshooting\debug\gamemng.obj
c:\users\user\documents\github\consoleshooting\consoleshooting\consoleshooting\debug\enemy.obj
c:\users\user\documents\github\consoleshooting\consoleshooting\consoleshooting\debug\effect.obj
c:\users\user\documents\github\consoleshooting\consoleshooting\consoleshooting\debug\consoleframework.obj
c:\users\user\documents\github\consoleshooting\consoleshooting\consoleshooting\debug\bullet.obj
c:\users\user\documents\github\consoleshooting\consoleshooting\debug\consoleshooting.pdb
c:\users\user\documents\github\consoleshooting\consoleshooting\consoleshooting\debug\consoleshooting.tlog\cl.command.1.tlog
c:\users\user\documents\github\consoleshooting\consoleshooting\consoleshooting\debug\consoleshooting.tlog\cl.read.1.tlog
c:\users\user\documents\github\consoleshooting\consoleshooting\consoleshooting\debug\consoleshooting.tlog\cl.write.1.tlog
c:\users\user\documents\github\consoleshooting\consoleshooting\consoleshooting\debug\consoleshooting.tlog\link-cvtres.read.1.tlog
c:\users\user\documents\github\consoleshooting\consoleshooting\consoleshooting\debug\consoleshooting.tlog\link-cvtres.write.1.tlog
c:\users\user\documents\github\consoleshooting\consoleshooting\consoleshooting\debug\consoleshooting.tlog\link-rc.read.1.tlog
c:\users\user\documents\github\consoleshooting\consoleshooting\consoleshooting\debug\consoleshooting.tlog\link-rc.write.1.tlog
c:\users\user\documents\github\consoleshooting\consoleshooting\consoleshooting\debug\consoleshooting.tlog\link.command.1.tlog
c:\users\user\documents\github\consoleshooting\consoleshooting\consoleshooting\debug\consoleshooting.tlog\link.read.1.tlog
c:\users\user\documents\github\consoleshooting\consoleshooting\consoleshooting\debug\consoleshooting.tlog\link.write.1.tlog
